Begin log for 127.0.0.1--------------------------------------
 Client> Welcome to the server! You are connected to Linux machine.
 Client> OS: Linux
 Client> OS: Linux
 Client> OS: Linux
 Client> Assets
clientgui.py
client.py
Logs
__pycache__
server2.py
server.py
servers.csv

 Client> Assets
clientgui.py
client.py
Logs
__pycache__
server2.py
server.py
servers.csv

 Client> Assets
clientgui.py
client.py
Logs
__pycache__
server2.py
server.py
servers.csv

 Client> Assets
clientgui.py
client.py
Logs
__pycache__
server2.py
server.py
servers.csv

 Client> Assets
clientgui.py
client.py
Logs
__pycache__
server2.py
server.py
servers.csv

 Client> Assets
clientgui.py
client.py
Logs
__pycache__
server2.py
server.py
servers.csv

 Client> 1: lo: <LOOPBACK,UP,LOWER_UP> mtu 65536 qdisc noqueue state UNKNOWN group default qlen 1000
    link/loopback 00:00:00:00:00:00 brd 00:00:00:00:00:00
    inet 127.0.0.1/8 scope host lo
       valid_lft forever preferred_lft forever
    inet6 ::1/128 scope host 
       valid_lft forever preferred_lft forever
2: wlan0: <BROADCAST,MULTICAST,UP,LOWER_UP> mtu 1500 qdisc mq state UP group default qlen 4096
    link/ether 9c:b6:d0:3f:3c:02 brd ff:ff:ff:ff:ff:ff
    inet 192.168.0.50/24 brd 192.168.0.255 scope global dynamic noprefixroute wlan0
       valid_lft 41855sec preferred_lft 41855sec
    inet6 2a01:e0a:426:3a10:5328:62ed:c00a:6827/64 scope global dynamic noprefixroute 
       valid_lft 85935sec preferred_lft 85935sec
    inet6 fe80::cd62:9042:9371:e16b/64 scope link noprefixroute 
       valid_lft forever preferred_lft forever

 Client> [H[2J[3J
 Client> Error returned by server: Command 'test' returned non-zero exit status 1.
 Client> Error returned by server: Command 'ma' returned non-zero exit status 127.
 Client> PING 8.8.8.8 (8.8.8.8) 56(84) bytes of data.
64 bytes from 8.8.8.8: icmp_seq=1 ttl=120 time=29.8 ms
64 bytes from 8.8.8.8: icmp_seq=2 ttl=120 time=34.1 ms
64 bytes from 8.8.8.8: icmp_seq=3 ttl=120 time=29.2 ms
64 bytes from 8.8.8.8: icmp_seq=4 ttl=120 time=29.3 ms

--- 8.8.8.8 ping statistics ---
4 packets transmitted, 4 received, 0% packet loss, time 3004ms
rtt min/avg/max/mdev = 29.188/30.588/34.051/2.011 ms

 Client> Error returned by server: Command 'os' returned non-zero exit status 127.
 Client> Error returned by server: Command 'ram' returned non-zero exit status 127.
 Client> Error returned by server: Command 'hostname' returned non-zero exit status 127.
 Client> OS: Linux
 Client> Welcome to the server! You are connected to Linux machine.
 Client> OS: Linux
 Client> OS: Linux
 Client> OS: Linux
 Client> OS: Linux
 Client> RAM T: 31 GB, RAM U: 3 GB, RAM F: 23 GB
 Client> RAM T: 31 GB, RAM U: 3 GB, RAM F: 23 GB
 Client> RAM T: 31 GB, RAM U: 3 GB, RAM F: 23 GB
 Client> RAM T: 31 GB, RAM U: 3 GB, RAM F: 23 GB
 Client> 1: lo: <LOOPBACK,UP,LOWER_UP> mtu 65536 qdisc noqueue state UNKNOWN group default qlen 1000
    link/loopback 00:00:00:00:00:00 brd 00:00:00:00:00:00
    inet 127.0.0.1/8 scope host lo
       valid_lft forever preferred_lft forever
    inet6 ::1/128 scope host 
       valid_lft forever preferred_lft forever
2: wlan0: <BROADCAST,MULTICAST,UP,LOWER_UP> mtu 1500 qdisc mq state UP group default qlen 4096
    link/ether 9c:b6:d0:3f:3c:02 brd ff:ff:ff:ff:ff:ff
    inet 192.168.0.50/24 brd 192.168.0.255 scope global dynamic noprefixroute wlan0
       valid_lft 41506sec preferred_lft 41506sec
    inet6 2a01:e0a:426:3a10:5328:62ed:c00a:6827/64 scope global dynamic noprefixroute 
       valid_lft 85586sec preferred_lft 85586sec
    inet6 fe80::cd62:9042:9371:e16b/64 scope link noprefixroute 
       valid_lft forever preferred_lft forever

 Client> Welcome to the server! You are connected to Linux machine.
 Client> OS: Linux
 Client> OS: Linux
 Client> OS: Linux
 Client> RAM T: 31 GB, RAM U: 3 GB, RAM F: 25 GB
 Client> RAM T: 31 GB, RAM U: 3 GB, RAM F: 25 GB
 Client> RAM T: 31 GB, RAM U: 3 GB, RAM F: 25 GB
 Client> RAM T: 31 GB, RAM U: 3 GB, RAM F: 25 GB
 Client> HOSTNAME:KarapetyanXPS
 Client> HOSTNAME:KarapetyanXPS
 Client> HOSTNAME:KarapetyanXPS
 Client> HOSTNAME:KarapetyanXPS
 Client> Assets
Logs
__pycache__
server2.py
server.py
servers.csv
supervi.py

 Client> Assets
Logs
__pycache__
server2.py
server.py
servers.csv
supervi.py

 Client> Welcome to the server! You are connected to Linux machine.
 Client> Welcome to the server! You are connected to Linux machine.