Begin log for 127.0.0.1:10055
--------------------------------------
 Client> OS: Linux
 Client> OS: Linux
 Client> RAM T: 31 GB, RAM U: 2 GB, RAM F: 23 GB
 Client> RAM T: 31 GB, RAM U: 2 GB, RAM F: 23 GB
 Client> RAM T: 31 GB, RAM U: 2 GB, RAM F: 23 GB
 Client> 1: lo: <LOOPBACK,UP,LOWER_UP> mtu 65536 qdisc noqueue state UNKNOWN group default qlen 1000
    link/loopback 00:00:00:00:00:00 brd 00:00:00:00:00:00
    inet 127.0.0.1/8 scope host lo
       valid_lft forever preferred_lft forever
    inet6 ::1/128 scope host 
       valid_lft forever preferred_lft forever
2: wlan0: <BROADCAST,MULTICAST,UP,LOWER_UP> mtu 1500 qdisc mq state UP group default qlen 4096
    link/ether 9c:b6:d0:3f:3c:02 brd ff:ff:ff:ff:ff:ff
    inet 192.168.0.50/24 brd 192.168.0.255 scope global dynamic noprefixroute wlan0
       valid_lft 36768sec preferred_lft 36768sec
    inet6 2a01:e0a:426:3a10:5328:62ed:c00a:6827/64 scope global dynamic noprefixroute 
       valid_lft 86301sec preferred_lft 86301sec
    inet6 fe80::cd62:9042:9371:e16b/64 scope link noprefixroute 
       valid_lft forever preferred_lft forever

 Client> OS: Linux